<?xml version="1.0" encoding="UTF-8"?>
<testsuite xmlns:xsi="http://www.w3.org/2001/XMLSchema-instance" xsi:noNamespaceSchemaLocation="https://maven.apache.org/surefire/maven-surefire-plugin/xsd/surefire-test-report-3.0.xsd" version="3.0" name="com.backhaulbid.eureka.EurekaServerApplicationTest" time="67.857" tests="1" errors="0" skipped="0" failures="0">
  <properties>
[...]
</properties>
  <testcase name="contextLoads_validConfiguration_startsEurekaServer" classname="com.backhaulbid.eureka.EurekaServerApplicationTest" time="7.197">
    <system-out><![CDATA[17:01:51.961 [main] INFO org.springframework.test.context.support.AnnotationConfigContextLoaderUtils -- Could not detect default configuration classes for test class [com.backhaulbid.eureka.EurekaServerApplicationTest]: EurekaServerApplicationTest does not declare any static, non-private, non-final, nested classes annotated with @Configuration.
17:01:53.379 [main] INFO org.springframework.boot.test.context.SpringBootTestContextBootstrapper -- Found @SpringBootConfiguration com.backhaulbid.eureka.EurekaServerApplication for test class com.backhaulbid.eureka.EurekaServerApplicationTest

  .   ____          _            __ _ _
 /\\ / ___'_ __ _ _(_)_ __  __ _ \ \ \ \
( ( )\___ | '_ | '_| | '_ \/ _` | \ \ \ \
 \\/  ___)| |_)| | | | | || (_| |  ) ) ) )
  '  |____| .__|_| |_|_| |_\__, | / / / /
 =========|_|==============|___/=/_/_/_/

 :: Spring Boot ::               (v3.3.13)

2026-08-22T17:02:00.482+07:00  INFO 6640 --- [eureka-server] [           main] c.b.eureka.EurekaServerApplicationTest   : Starting EurekaServerApplicationTest using Java 21.0.9 with PID 6640 (started by Hoang in D:\KLTN\be\backhaulbid-infrastructure\eureka-server)
2026-08-22T17:02:00.612+07:00  INFO 6640 --- [eureka-server] [           main] c.b.eureka.EurekaServerApplicationTest   : No active profile set, falling back to 1 default profile: "default"
2026-08-22T17:02:11.576+07:00  INFO 6640 --- [eureka-server] [           main] o.s.cloud.context.scope.GenericScope     : BeanFactory id=73a00c78-34be-318e-8102-167e583628a4
2026-08-22T17:02:20.843+07:00  INFO 6640 --- [eureka-server] [           main] o.s.b.w.embedded.tomcat.TomcatWebServer  : Tomcat initialized with port 0 (http)
2026-08-22T17:02:21.014+07:00  INFO 6640 --- [eureka-server] [           main] o.apache.catalina.core.StandardService   : Starting service [Tomcat]
2026-08-22T17:02:21.045+07:00  INFO 6640 --- [eureka-server] [           main] o.apache.catalina.core.StandardEngine    : Starting Servlet engine: [Apache Tomcat/10.1.42]
2026-08-22T17:02:21.860+07:00  INFO 6640 --- [eureka-server] [           main] o.a.c.c.C.[Tomcat].[localhost].[/]       : Initializing Spring embedded WebApplicationContext
2026-08-22T17:02:21.863+07:00  INFO 6640 --- [eureka-server] [           main] w.s.c.ServletWebServerApplicationContext : Root WebApplicationContext: initialization completed in 21007 ms
2026-08-22T17:02:32.206+07:00  INFO 6640 --- [eureka-server] [           main] c.n.d.provider.DiscoveryJerseyProvider   : Using JSON encoding codec LegacyJacksonJson
2026-08-22T17:02:32.213+07:00  INFO 6640 --- [eureka-server] [           main] c.n.d.provider.DiscoveryJerseyProvider   : Using JSON decoding codec LegacyJacksonJson
2026-08-22T17:02:34.512+07:00  INFO 6640 --- [eureka-server] [           main] c.n.d.provider.DiscoveryJerseyProvider   : Using XML encoding codec XStreamXml
2026-08-22T17:02:34.514+07:00  INFO 6640 --- [eureka-server] [           main] c.n.d.provider.DiscoveryJerseyProvider   : Using XML decoding codec XStreamXml
2026-08-22T17:02:37.148+07:00  INFO 6640 --- [eureka-server] [           main] o.s.v.b.OptionalValidatorFactoryBean     : Failed to set up a Bean Validation provider: jakarta.validation.NoProviderFoundException: Unable to create a Configuration, because no Jakarta Bean Validation provider could be found. Add a provider like Hibernate Validator (RI) to your classpath.
2026-08-22T17:02:41.295+07:00  INFO 6640 --- [eureka-server] [           main] o.s.cloud.commons.util.InetUtils         : Cannot determine local hostname
2026-08-22T17:02:46.095+07:00  INFO 6640 --- [eureka-server] [           main] o.s.cloud.commons.util.InetUtils         : Cannot determine local hostname
2026-08-22T17:02:46.563+07:00  WARN 6640 --- [eureka-server] [           main] iguration$LoadBalancerCaffeineWarnLogger : Spring Cloud LoadBalancer is currently working with the default cache. While this cache implementation is useful for development and tests, it's recommended to use Caffeine cache in production.You can switch to using Caffeine cache, by adding it and org.springframework.cache.caffeine.CaffeineCacheManager to the classpath.
2026-08-22T17:02:46.730+07:00  INFO 6640 --- [eureka-server] [           main] o.s.c.n.eureka.InstanceInfoFactory       : Setting initial instance status as: STARTING
2026-08-22T17:02:46.870+07:00  INFO 6640 --- [eureka-server] [           main] com.netflix.discovery.DiscoveryClient    : Initializing Eureka in region us-east-1
2026-08-22T17:02:46.870+07:00  INFO 6640 --- [eureka-server] [           main] com.netflix.discovery.DiscoveryClient    : Client configured to neither register nor query for data.
2026-08-22T17:02:46.881+07:00  INFO 6640 --- [eureka-server] [           main] com.netflix.discovery.DiscoveryClient    : Discovery Client initialized at timestamp 1787392966873 with initial instances count: 0
2026-08-22T17:02:47.166+07:00  INFO 6640 --- [eureka-server] [           main] c.n.eureka.DefaultEurekaServerContext    : Initializing ...
2026-08-22T17:02:47.174+07:00  WARN 6640 --- [eureka-server] [           main] c.n.eureka.cluster.PeerEurekaNodes       : The replica size seems to be empty. Check the route 53 DNS Registry
2026-08-22T17:02:47.233+07:00  INFO 6640 --- [eureka-server] [           main] c.n.e.registry.AbstractInstanceRegistry  : Finished initializing remote region registries. All known remote regions: []
2026-08-22T17:02:47.233+07:00  INFO 6640 --- [eureka-server] [           main] c.n.eureka.DefaultEurekaServerContext    : Initialized
2026-08-22T17:02:47.296+07:00  INFO 6640 --- [eureka-server] [           main] o.s.b.a.e.web.EndpointLinksResolver      : Exposing 2 endpoints beneath base path '/actuator'
2026-08-22T17:02:48.844+07:00  INFO 6640 --- [eureka-server] [      Thread-11] o.s.c.n.e.server.EurekaServerBootstrap   : isAws returned false
2026-08-22T17:02:48.846+07:00  INFO 6640 --- [eureka-server] [      Thread-11] o.s.c.n.e.server.EurekaServerBootstrap   : Initialized server context
2026-08-22T17:02:48.848+07:00  INFO 6640 --- [eureka-server] [      Thread-11] c.n.e.r.PeerAwareInstanceRegistryImpl    : Got 1 instances from neighboring DS node
2026-08-22T17:02:48.849+07:00  INFO 6640 --- [eureka-server] [      Thread-11] c.n.e.r.PeerAwareInstanceRegistryImpl    : Renew threshold is: 1
2026-08-22T17:02:48.849+07:00  INFO 6640 --- [eureka-server] [      Thread-11] c.n.e.r.PeerAwareInstanceRegistryImpl    : Changing status to UP
2026-08-22T17:02:48.871+07:00  INFO 6640 --- [eureka-server] [      Thread-11] e.s.EurekaServerInitializerConfiguration : Started Eureka Server
2026-08-22T17:02:48.937+07:00  INFO 6640 --- [eureka-server] [           main] o.s.b.w.embedded.tomcat.TomcatWebServer  : Tomcat started on port 55269 (http) with context path '/'
2026-08-22T17:02:48.941+07:00  INFO 6640 --- [eureka-server] [           main] .s.c.n.e.s.EurekaAutoServiceRegistration : Updating port to 55269
2026-08-22T17:02:48.944+07:00  INFO 6640 --- [eureka-server] [           main] o.s.c.n.e.s.EurekaServiceRegistry        : Registering application EUREKA-SERVER with eureka with status UP
2026-08-22T17:02:50.026+07:00  INFO 6640 --- [eureka-server] [           main] o.s.cloud.commons.util.InetUtils         : Cannot determine local hostname
2026-08-22T17:02:50.083+07:00  INFO 6640 --- [eureka-server] [           main] c.b.eureka.EurekaServerApplicationTest   : Started EurekaServerApplicationTest in 54.814 seconds (process running for 68.359)
]]></system-out>
    <system-err><![CDATA[WARNING: A Java agent has been loaded dynamically (C:\Users\Hoang\.m2\repository\net\bytebuddy\byte-buddy-agent\1.14.19\byte-buddy-agent-1.14.19.jar)
WARNING: If a serviceability tool is in use, please run with -XX:+EnableDynamicAgentLoading to hide this warning
WARNING: If a serviceability tool is not in use, please run with -Djdk.instrument.traceUsage for more information
WARNING: Dynamic loading of agents will be disallowed by default in a future release
]]></system-err>
  </testcase>
</testsuite>